This file contains any messages produced by compilers while
running configure, to aid debugging if configure makes a mistake.

It was created by memcached configure 1.6.12, which was
generated by GNU Autoconf 2.69.  Invocation command line was

  $ ./configure 

## --------- ##
## Platform. ##
## --------- ##

hostname = ryan
uname -m = x86_64
uname -r = 5.10.81
uname -s = Linux
uname -v = #1-NixOS SMP Sun Nov 21 12:46:37 UTC 2021

/usr/bin/uname -p = unknown
/bin/uname -X     = unknown

/bin/arch              = unknown
/usr/bin/arch -k       = unknown
/usr/convex/getsysinfo = unknown
/usr/bin/hostinfo      = unknown
/bin/machine           = unknown
/usr/bin/oslevel       = unknown
/bin/universe          = unknown

PATH: /nix/store/90y23lrznwmkdnczk1dzdsq4m35zj8ww-bash-interactive-5.1-p8/bin
PATH: /nix/store/r5niwjr8r8qags2bzv9z583r9vajxag3-patchelf-0.13/bin
PATH: /nix/store/da9l6ifizmh883j94gzx5n51h8lrrp00-gcc-wrapper-10.3.0/bin
PATH: /nix/store/h6d0c7lnxx65i925xmnxgwdfdvc7hc2p-gcc-10.3.0/bin
PATH: /nix/store/c5bd4lrnsck51cll6s14wkp93ni4zj1j-glibc-2.33-56-bin/bin
PATH: /nix/store/fvprxgcxf4px865gdjd81fbwnxcjrg41-coreutils-9.0/bin
PATH: /nix/store/7z5ai3qarfa3xvw0rfpy9dnqqilwjppf-binutils-wrapper-2.35.2/bin
PATH: /nix/store/js66s0xwjnzg0ggi2lq9bcvlk6x2za13-binutils-2.35.2/bin
PATH: /nix/store/bycfqd9pi8ik14dflid8h71ib926icg7-hello-2.10/bin
PATH: /nix/store/qzr7r4w5gm5m20afn2wz4vlv7ah4sr89-gnumake-4.3/bin
PATH: /nix/store/dv13gh6sxahnwa73xsh0f0scq7m30yjv-gcc-wrapper-4.8.5/bin
PATH: /nix/store/nc4krbj5znf6jvmyj3mfbklv7p3ydfh3-gcc-4.8.5/bin
PATH: /nix/store/07w8bbqk483083a9n3hdmlr2jqhd0154-gflags-2.2.2/bin
PATH: /nix/store/h97sr1q1rpv1ry83031q51jbkba7q0m4-bzip2-1.0.6.0.2-bin/bin
PATH: /nix/store/1kg8va6z7zmgxhfmwrxq6980njx20nbj-lz4-1.9.3-bin/bin
PATH: /nix/store/0hw94rkaqg2l23ajh20qyy4l5qdvnsz7-zstd-1.5.0-bin/bin
PATH: /nix/store/byixsnjgvzxy9rx0jadwjdyzs0rj75g5-zstd-1.5.0/bin
PATH: /nix/store/ndmafn9wrzdpyyw42cx55dgqblg2c8jc-openjdk-headless-11.0.12+7/bin
PATH: /nix/store/svl0db2avck6c9nhkll8pn942lwwwrnb-libevent-2.1.12-dev/bin
PATH: /nix/store/fvprxgcxf4px865gdjd81fbwnxcjrg41-coreutils-9.0/bin
PATH: /nix/store/rnx655nq2qs53yb5arv2gapa91r1wsbn-findutils-4.8.0/bin
PATH: /nix/store/71pachqc22wlvf3xjhwjh2rqbl6l3ngg-diffutils-3.8/bin
PATH: /nix/store/9mp06ni69a44dmrjhn28mn15brdry52w-gnused-4.8/bin
PATH: /nix/store/lhambyc1v2c7qzzr5sq7p449xs1j6pg8-gnugrep-3.7/bin
PATH: /nix/store/sqn31ly001033hsz0dpxwcsay5qdbk2w-gawk-5.1.1/bin
PATH: /nix/store/gmnh4jfjhx83aggwgwzcnrwmpmqr8fwf-gnutar-1.34/bin
PATH: /nix/store/67x6kxbanrqafx3hg7pb3bc83i3d1v3f-gzip-1.11/bin
PATH: /nix/store/h97sr1q1rpv1ry83031q51jbkba7q0m4-bzip2-1.0.6.0.2-bin/bin
PATH: /nix/store/qzr7r4w5gm5m20afn2wz4vlv7ah4sr89-gnumake-4.3/bin
PATH: /nix/store/l0wlqpbsvh1pgvhcdhw7qkka3d31si7k-bash-5.1-p8/bin
PATH: /nix/store/zjm4xv4nr872mdhvv3j22bzb08rgf1hk-patch-2.7.6/bin
PATH: /nix/store/0fi0432kdh46x9kbngnmz2y7z0q68cdz-xz-5.2.5-bin/bin
PATH: /nix/store/90y23lrznwmkdnczk1dzdsq4m35zj8ww-bash-interactive-5.1-p8/bin
PATH: /nix/store/r5niwjr8r8qags2bzv9z583r9vajxag3-patchelf-0.13/bin
PATH: /nix/store/da9l6ifizmh883j94gzx5n51h8lrrp00-gcc-wrapper-10.3.0/bin
PATH: /nix/store/h6d0c7lnxx65i925xmnxgwdfdvc7hc2p-gcc-10.3.0/bin
PATH: /nix/store/c5bd4lrnsck51cll6s14wkp93ni4zj1j-glibc-2.33-56-bin/bin
PATH: /nix/store/fvprxgcxf4px865gdjd81fbwnxcjrg41-coreutils-9.0/bin
PATH: /nix/store/7z5ai3qarfa3xvw0rfpy9dnqqilwjppf-binutils-wrapper-2.35.2/bin
PATH: /nix/store/js66s0xwjnzg0ggi2lq9bcvlk6x2za13-binutils-2.35.2/bin
PATH: /nix/store/bycfqd9pi8ik14dflid8h71ib926icg7-hello-2.10/bin
PATH: /nix/store/qzr7r4w5gm5m20afn2wz4vlv7ah4sr89-gnumake-4.3/bin
PATH: /nix/store/dv13gh6sxahnwa73xsh0f0scq7m30yjv-gcc-wrapper-4.8.5/bin
PATH: /nix/store/nc4krbj5znf6jvmyj3mfbklv7p3ydfh3-gcc-4.8.5/bin
PATH: /nix/store/07w8bbqk483083a9n3hdmlr2jqhd0154-gflags-2.2.2/bin
PATH: /nix/store/h97sr1q1rpv1ry83031q51jbkba7q0m4-bzip2-1.0.6.0.2-bin/bin
PATH: /nix/store/1kg8va6z7zmgxhfmwrxq6980njx20nbj-lz4-1.9.3-bin/bin
PATH: /nix/store/0hw94rkaqg2l23ajh20qyy4l5qdvnsz7-zstd-1.5.0-bin/bin
PATH: /nix/store/byixsnjgvzxy9rx0jadwjdyzs0rj75g5-zstd-1.5.0/bin
PATH: /nix/store/ndmafn9wrzdpyyw42cx55dgqblg2c8jc-openjdk-headless-11.0.12+7/bin
PATH: /nix/store/fvprxgcxf4px865gdjd81fbwnxcjrg41-coreutils-9.0/bin
PATH: /nix/store/rnx655nq2qs53yb5arv2gapa91r1wsbn-findutils-4.8.0/bin
PATH: /nix/store/71pachqc22wlvf3xjhwjh2rqbl6l3ngg-diffutils-3.8/bin
PATH: /nix/store/9mp06ni69a44dmrjhn28mn15brdry52w-gnused-4.8/bin
PATH: /nix/store/lhambyc1v2c7qzzr5sq7p449xs1j6pg8-gnugrep-3.7/bin
PATH: /nix/store/sqn31ly001033hsz0dpxwcsay5qdbk2w-gawk-5.1.1/bin
PATH: /nix/store/gmnh4jfjhx83aggwgwzcnrwmpmqr8fwf-gnutar-1.34/bin
PATH: /nix/store/67x6kxbanrqafx3hg7pb3bc83i3d1v3f-gzip-1.11/bin
PATH: /nix/store/h97sr1q1rpv1ry83031q51jbkba7q0m4-bzip2-1.0.6.0.2-bin/bin
PATH: /nix/store/qzr7r4w5gm5m20afn2wz4vlv7ah4sr89-gnumake-4.3/bin
PATH: /nix/store/l0wlqpbsvh1pgvhcdhw7qkka3d31si7k-bash-5.1-p8/bin
PATH: /nix/store/zjm4xv4nr872mdhvv3j22bzb08rgf1hk-patch-2.7.6/bin
PATH: /nix/store/0fi0432kdh46x9kbngnmz2y7z0q68cdz-xz-5.2.5-bin/bin
PATH: /home/teama/.vscode-server/bin/7db1a2b88f7557e0a43fec75b6ba7e50b3e9f77e/bin
PATH: /home/teama/.vscode-server/bin/7db1a2b88f7557e0a43fec75b6ba7e50b3e9f77e/bin
PATH: /run/wrappers/bin
PATH: /home/teama/.nix-profile/bin
PATH: /etc/profiles/per-user/teama/bin
PATH: /nix/var/nix/profiles/default/bin
PATH: /run/current-system/sw/bin


## ----------- ##
## Core tests. ##
## ----------- ##

configure:2551: checking build system type
configure:2565: result: x86_64-pc-linux-gnu
configure:2585: checking host system type
configure:2598: result: x86_64-pc-linux-gnu
configure:2635: checking for a BSD-compatible install
configure:2703: result: /nix/store/fvprxgcxf4px865gdjd81fbwnxcjrg41-coreutils-9.0/bin/install -c
configure:2714: checking whether build environment is sane
configure:2769: result: yes
configure:2915: checking for a thread-safe mkdir -p
configure:2954: result: /nix/store/fvprxgcxf4px865gdjd81fbwnxcjrg41-coreutils-9.0/bin/mkdir -p
configure:2961: checking for gawk
configure:2977: found /nix/store/sqn31ly001033hsz0dpxwcsay5qdbk2w-gawk-5.1.1/bin/gawk
configure:2988: result: gawk
configure:2999: checking whether make sets $(MAKE)
configure:3021: result: yes
configure:3050: checking whether make supports nested variables
configure:3067: result: yes
configure:3244: checking for gcc
configure:3271: result: gcc
configure:3500: checking for C compiler version
configure:3509: gcc --version >&5
gcc (GCC) 10.3.0
Copyright (C) 2020 Free Software Foundation, Inc.
This is free software; see the source for copying conditions.  There is NO
warranty; not even for MERCHANTABILITY or FITNESS FOR A PARTICULAR PURPOSE.

configure:3520: $? = 0
configure:3509: gcc -v >&5
Using built-in specs.
COLLECT_GCC=/nix/store/h6d0c7lnxx65i925xmnxgwdfdvc7hc2p-gcc-10.3.0/bin/gcc
COLLECT_LTO_WRAPPER=/nix/store/h6d0c7lnxx65i925xmnxgwdfdvc7hc2p-gcc-10.3.0/libexec/gcc/x86_64-unknown-linux-gnu/10.3.0/lto-wrapper
Target: x86_64-unknown-linux-gnu
Configured with: 
Thread model: posix
Supported LTO compression algorithms: zlib
gcc version 10.3.0 (GCC) 
configure:3520: $? = 0
configure:3509: gcc -V >&5
gcc: error: unrecognized command-line option '-V'
gcc: fatal error: no input files
compilation terminated.
configure:3520: $? = 1
configure:3509: gcc -qversion >&5
gcc: error: unrecognized command-line option '-qversion'; did you mean '--version'?
gcc: fatal error: no input files
compilation terminated.
configure:3520: $? = 1
configure:3540: checking whether the C compiler works
configure:3562: gcc    conftest.c  >&5
configure:3566: $? = 0
configure:3614: result: yes
configure:3617: checking for C compiler default output file name
configure:3619: result: a.out
configure:3625: checking for suffix of executables
configure:3632: gcc -o conftest    conftest.c  >&5
configure:3636: $? = 0
configure:3658: result: 
configure:3680: checking whether we are cross compiling
configure:3688: gcc -o conftest    conftest.c  >&5
configure:3692: $? = 0
configure:3699: ./conftest
configure:3703: $? = 0
configure:3718: result: no
configure:3723: checking for suffix of object files
configure:3745: gcc -c   conftest.c >&5
configure:3749: $? = 0
configure:3770: result: o
configure:3774: checking whether we are using the GNU C compiler
configure:3793: gcc -c   conftest.c >&5
configure:3793: $? = 0
configure:3802: result: yes
configure:3811: checking whether gcc accepts -g
configure:3831: gcc -c -g  conftest.c >&5
configure:3831: $? = 0
configure:3872: result: yes
configure:3889: checking for gcc option to accept ISO C89
configure:3952: gcc  -c -g -O2  conftest.c >&5
configure:3952: $? = 0
configure:3965: result: none needed
configure:3990: checking whether gcc understands -c and -o together
configure:4012: gcc -c conftest.c -o conftest2.o
configure:4015: $? = 0
configure:4012: gcc -c conftest.c -o conftest2.o
configure:4015: $? = 0
configure:4027: result: yes
configure:4047: checking whether make supports the include directive
configure:4062: make -f confmf.GNU && cat confinc.out
this is the am__doit target
configure:4065: $? = 0
configure:4084: result: yes (GNU style)
configure:4109: checking dependency style of gcc
configure:4220: result: gcc3
configure:4244: checking how to run the C preprocessor
configure:4275: gcc -E  conftest.c
configure:4275: $? = 0
configure:4289: gcc -E  conftest.c
conftest.c:11:10: fatal error: ac_nonexistent.h: No such file or directory
   11 | #include <ac_nonexistent.h>
      |          ^~~~~~~~~~~~~~~~~~
compilation terminated.
configure:4289: $? = 1
configure: failed program was:
| /* confdefs.h */
| #define PACKAGE_NAME "memcached"
| #define PACKAGE_TARNAME "memcached"
| #define PACKAGE_VERSION "1.6.12"
| #define PACKAGE_STRING "memcached 1.6.12"
| #define PACKAGE_BUGREPORT "memcached@googlegroups.com"
| #define PACKAGE_URL ""
| #define PACKAGE "memcached"
| #define VERSION "1.6.12"
| /* end confdefs.h.  */
| #include <ac_nonexistent.h>
configure:4314: result: gcc -E
configure:4334: gcc -E  conftest.c
configure:4334: $? = 0
configure:4348: gcc -E  conftest.c
conftest.c:11:10: fatal error: ac_nonexistent.h: No such file or directory
   11 | #include <ac_nonexistent.h>
      |          ^~~~~~~~~~~~~~~~~~
compilation terminated.
configure:4348: $? = 1
configure: failed program was:
| /* confdefs.h */
| #define PACKAGE_NAME "memcached"
| #define PACKAGE_TARNAME "memcached"
| #define PACKAGE_VERSION "1.6.12"
| #define PACKAGE_STRING "memcached 1.6.12"
| #define PACKAGE_BUGREPORT "memcached@googlegroups.com"
| #define PACKAGE_URL ""
| #define PACKAGE "memcached"
| #define VERSION "1.6.12"
| /* end confdefs.h.  */
| #include <ac_nonexistent.h>
configure:4377: checking for grep that handles long lines and -e
configure:4435: result: /nix/store/lhambyc1v2c7qzzr5sq7p449xs1j6pg8-gnugrep-3.7/bin/grep
configure:4440: checking for egrep
configure:4502: result: /nix/store/lhambyc1v2c7qzzr5sq7p449xs1j6pg8-gnugrep-3.7/bin/grep -E
configure:4509: checking for icc in use
configure:4518: result: no
configure:4538: checking for clang in use
configure:4555: gcc -c -g -O2  conftest.c >&5
conftest.c: In function 'main':
conftest.c:17:12: error: unknown type name 'not'
   17 |            not clang
      |            ^~~
configure:4555: $? = 1
configure: failed program was:
| /* confdefs.h */
| #define PACKAGE_NAME "memcached"
| #define PACKAGE_TARNAME "memcached"
| #define PACKAGE_VERSION "1.6.12"
| #define PACKAGE_STRING "memcached 1.6.12"
| #define PACKAGE_BUGREPORT "memcached@googlegroups.com"
| #define PACKAGE_URL ""
| #define PACKAGE "memcached"
| #define VERSION "1.6.12"
| /* end confdefs.h.  */
| 
| int
| main ()
| {
| 
|     #ifndef __clang__
|            not clang
|     #endif
| 
|   ;
|   return 0;
| }
configure:4561: result: no
configure:4570: checking for ANSI C header files
configure:4590: gcc -c -g -O2  conftest.c >&5
configure:4590: $? = 0
configure:4663: gcc -o conftest -g -O2   conftest.c  >&5
configure:4663: $? = 0
configure:4663: ./conftest
configure:4663: $? = 0
configure:4674: result: yes
configure:4687: checking for sys/types.h
configure:4687: gcc -c -g -O2  conftest.c >&5
configure:4687: $? = 0
configure:4687: result: yes
configure:4687: checking for sys/stat.h
configure:4687: gcc -c -g -O2  conftest.c >&5
configure:4687: $? = 0
configure:4687: result: yes
configure:4687: checking for stdlib.h
configure:4687: gcc -c -g -O2  conftest.c >&5
configure:4687: $? = 0
configure:4687: result: yes
configure:4687: checking for string.h
configure:4687: gcc -c -g -O2  conftest.c >&5
configure:4687: $? = 0
configure:4687: result: yes
configure:4687: checking for memory.h
configure:4687: gcc -c -g -O2  conftest.c >&5
configure:4687: $? = 0
configure:4687: result: yes
configure:4687: checking for strings.h
configure:4687: gcc -c -g -O2  conftest.c >&5
configure:4687: $? = 0
configure:4687: result: yes
configure:4687: checking for inttypes.h
configure:4687: gcc -c -g -O2  conftest.c >&5
configure:4687: $? = 0
configure:4687: result: yes
configure:4687: checking for stdint.h
configure:4687: gcc -c -g -O2  conftest.c >&5
configure:4687: $? = 0
configure:4687: result: yes
configure:4687: checking for unistd.h
configure:4687: gcc -c -g -O2  conftest.c >&5
configure:4687: $? = 0
configure:4687: result: yes
configure:4700: checking whether __SUNPRO_C is declared
configure:4700: gcc -c -g -O2  conftest.c >&5
conftest.c: In function 'main':
conftest.c:61:10: error: '__SUNPRO_C' undeclared (first use in this function)
   61 |   (void) __SUNPRO_C;
      |          ^~~~~~~~~~
conftest.c:61:10: note: each undeclared identifier is reported only once for each function it appears in
configure:4700: $? = 1
configure: failed program was:
| /* confdefs.h */
| #define PACKAGE_NAME "memcached"
| #define PACKAGE_TARNAME "memcached"
| #define PACKAGE_VERSION "1.6.12"
| #define PACKAGE_STRING "memcached 1.6.12"
| #define PACKAGE_BUGREPORT "memcached@googlegroups.com"
| #define PACKAGE_URL ""
| #define PACKAGE "memcached"
| #define VERSION "1.6.12"
| #define STDC_HEADERS 1
| #define HAVE_SYS_TYPES_H 1
| #define HAVE_SYS_STAT_H 1
| #define HAVE_STDLIB_H 1
| #define HAVE_STRING_H 1
| #define HAVE_MEMORY_H 1
| #define HAVE_STRINGS_H 1
| #define HAVE_INTTYPES_H 1
| #define HAVE_STDINT_H 1
| #define HAVE_UNISTD_H 1
| /* end confdefs.h.  */
| #include <stdio.h>
| #ifdef HAVE_SYS_TYPES_H
| # include <sys/types.h>
| #endif
| #ifdef HAVE_SYS_STAT_H
| # include <sys/stat.h>
| #endif
| #ifdef STDC_HEADERS
| # include <stdlib.h>
| # include <stddef.h>
| #else
| # ifdef HAVE_STDLIB_H
| #  include <stdlib.h>
| # endif
| #endif
| #ifdef HAVE_STRING_H
| # if !defined STDC_HEADERS && defined HAVE_MEMORY_H
| #  include <memory.h>
| # endif
| # include <string.h>
| #endif
| #ifdef HAVE_STRINGS_H
| # include <strings.h>
| #endif
| #ifdef HAVE_INTTYPES_H
| # include <inttypes.h>
| #endif
| #ifdef HAVE_STDINT_H
| # include <stdint.h>
| #endif
| #ifdef HAVE_UNISTD_H
| # include <unistd.h>
| #endif
| int
| main ()
| {
| #ifndef __SUNPRO_C
| #ifdef __cplusplus
|   (void) __SUNPRO_C;
| #else
|   (void) __SUNPRO_C;
| #endif
| #endif
| 
|   ;
|   return 0;
| }
configure:4700: result: no
configure:4725: checking for gcc option to accept ISO C99
configure:4874: gcc  -c -g -O2 -pthread  conftest.c >&5
configure:4874: $? = 0
configure:4887: result: none needed
configure:4965: checking sasl/sasl.h usability
configure:4965: gcc -c -g -O2 -pthread  conftest.c >&5
conftest.c:54:10: fatal error: sasl/sasl.h: No such file or directory
   54 | #include <sasl/sasl.h>
      |          ^~~~~~~~~~~~~
compilation terminated.
configure:4965: $? = 1
configure: failed program was:
| /* confdefs.h */
| #define PACKAGE_NAME "memcached"
| #define PACKAGE_TARNAME "memcached"
| #define PACKAGE_VERSION "1.6.12"
| #define PACKAGE_STRING "memcached 1.6.12"
| #define PACKAGE_BUGREPORT "memcached@googlegroups.com"
| #define PACKAGE_URL ""
| #define PACKAGE "memcached"
| #define VERSION "1.6.12"
| #define STDC_HEADERS 1
| #define HAVE_SYS_TYPES_H 1
| #define HAVE_SYS_STAT_H 1
| #define HAVE_STDLIB_H 1
| #define HAVE_STRING_H 1
| #define HAVE_MEMORY_H 1
| #define HAVE_STRINGS_H 1
| #define HAVE_INTTYPES_H 1
| #define HAVE_STDINT_H 1
| #define HAVE_UNISTD_H 1
| /* end confdefs.h.  */
| #include <stdio.h>
| #ifdef HAVE_SYS_TYPES_H
| # include <sys/types.h>
| #endif
| #ifdef HAVE_SYS_STAT_H
| # include <sys/stat.h>
| #endif
| #ifdef STDC_HEADERS
| # include <stdlib.h>
| # include <stddef.h>
| #else
| # ifdef HAVE_STDLIB_H
| #  include <stdlib.h>
| # endif
| #endif
| #ifdef HAVE_STRING_H
| # if !defined STDC_HEADERS && defined HAVE_MEMORY_H
| #  include <memory.h>
| # endif
| # include <string.h>
| #endif
| #ifdef HAVE_STRINGS_H
| # include <strings.h>
| #endif
| #ifdef HAVE_INTTYPES_H
| # include <inttypes.h>
| #endif
| #ifdef HAVE_STDINT_H
| # include <stdint.h>
| #endif
| #ifdef HAVE_UNISTD_H
| # include <unistd.h>
| #endif
| #include <sasl/sasl.h>
configure:4965: result: no
configure:4965: checking sasl/sasl.h presence
configure:4965: gcc -E  conftest.c
conftest.c:21:10: fatal error: sasl/sasl.h: No such file or directory
   21 | #include <sasl/sasl.h>
      |          ^~~~~~~~~~~~~
compilation terminated.
configure:4965: $? = 1
configure: failed program was:
| /* confdefs.h */
| #define PACKAGE_NAME "memcached"
| #define PACKAGE_TARNAME "memcached"
| #define PACKAGE_VERSION "1.6.12"
| #define PACKAGE_STRING "memcached 1.6.12"
| #define PACKAGE_BUGREPORT "memcached@googlegroups.com"
| #define PACKAGE_URL ""
| #define PACKAGE "memcached"
| #define VERSION "1.6.12"
| #define STDC_HEADERS 1
| #define HAVE_SYS_TYPES_H 1
| #define HAVE_SYS_STAT_H 1
| #define HAVE_STDLIB_H 1
| #define HAVE_STRING_H 1
| #define HAVE_MEMORY_H 1
| #define HAVE_STRINGS_H 1
| #define HAVE_INTTYPES_H 1
| #define HAVE_STDINT_H 1
| #define HAVE_UNISTD_H 1
| /* end confdefs.h.  */
| #include <sasl/sasl.h>
configure:4965: result: no
configure:4965: checking for sasl/sasl.h
configure:4965: result: no
configure:5310: checking for gcov
configure:5328: found /nix/store/h6d0c7lnxx65i925xmnxgwdfdvc7hc2p-gcc-10.3.0/bin/gcov
configure:5341: result: /nix/store/h6d0c7lnxx65i925xmnxgwdfdvc7hc2p-gcc-10.3.0/bin/gcov
configure:5351: checking for main in -lgcov
configure:5370: gcc -o conftest -g -O2 -pthread -pthread   conftest.c -lgcov   >&5
configure:5370: $? = 0
configure:5379: result: yes
configure:5540: checking size of void *
configure:5545: gcc -o conftest -g -O2 -pthread -pthread   conftest.c  >&5
configure:5545: $? = 0
configure:5545: ./conftest
configure:5545: $? = 0
configure:5559: result: 8
configure:5572: checking for library containing clock_gettime
configure:5603: gcc -o conftest -g -O2 -pthread -pthread   conftest.c  >&5
configure:5603: $? = 0
configure:5620: result: none required
configure:5630: checking for library containing socket
configure:5661: gcc -o conftest -g -O2 -pthread -pthread   conftest.c  >&5
configure:5661: $? = 0
configure:5678: result: none required
configure:5686: checking for library containing gethostbyname
configure:5717: gcc -o conftest -g -O2 -pthread -pthread   conftest.c  >&5
configure:5717: $? = 0
configure:5734: result: none required
configure:5759: checking for libevent directory
configure:5803: gcc -o conftest -g -O2 -pthread -pthread   conftest.c -levent  >&5
configure:5803: $? = 0
configure:5839: result: (system)
configure:5877: gcc -o conftest -g -O2 -pthread -pthread   conftest.c -levent  >&5
configure:5877: $? = 0
configure:5877: ./conftest
configure:5877: $? = 0
configure:6016: checking for library containing gethugepagesizes
configure:6047: gcc -o conftest -g -O2 -pthread -pthread   conftest.c -levent  >&5
/nix/store/js66s0xwjnzg0ggi2lq9bcvlk6x2za13-binutils-2.35.2/bin/ld: /run/user/4000/ccInoOW7.o: in function `main':
/home/teama/workspace/Georgiy/swiss-knife/task3/memcached-1.6.12/conftest.c:35: undefined reference to `gethugepagesizes'
collect2: error: ld returned 1 exit status
configure:6047: $? = 1
configure: failed program was:
| /* confdefs.h */
| #define PACKAGE_NAME "memcached"
| #define PACKAGE_TARNAME "memcached"
| #define PACKAGE_VERSION "1.6.12"
| #define PACKAGE_STRING "memcached 1.6.12"
| #define PACKAGE_BUGREPORT "memcached@googlegroups.com"
| #define PACKAGE_URL ""
| #define PACKAGE "memcached"
| #define VERSION "1.6.12"
| #define STDC_HEADERS 1
| #define HAVE_SYS_TYPES_H 1
| #define HAVE_SYS_STAT_H 1
| #define HAVE_STDLIB_H 1
| #define HAVE_STRING_H 1
| #define HAVE_MEMORY_H 1
| #define HAVE_STRINGS_H 1
| #define HAVE_INTTYPES_H 1
| #define HAVE_STDINT_H 1
| #define HAVE_UNISTD_H 1
| #define EXTSTORE 1
| #define SIZEOF_VOID_P 8
| #define HAVE_LIBEVENT_NEW 1
| /* end confdefs.h.  */
| 
| /* Override any GCC internal prototype to avoid an error.
|    Use char because int might match the return type of a GCC
|    builtin and then its argument prototype would still apply.  */
| #ifdef __cplusplus
| extern "C"
| #endif
| char gethugepagesizes ();
| int
| main ()
| {
| return gethugepagesizes ();
|   ;
|   return 0;
| }
configure:6047: gcc -o conftest -g -O2 -pthread -pthread   conftest.c -lhugetlbfs  -levent  >&5
/nix/store/js66s0xwjnzg0ggi2lq9bcvlk6x2za13-binutils-2.35.2/bin/ld: cannot find -lhugetlbfs
collect2: error: ld returned 1 exit status
configure:6047: $? = 1
configure: failed program was:
| /* confdefs.h */
| #define PACKAGE_NAME "memcached"
| #define PACKAGE_TARNAME "memcached"
| #define PACKAGE_VERSION "1.6.12"
| #define PACKAGE_STRING "memcached 1.6.12"
| #define PACKAGE_BUGREPORT "memcached@googlegroups.com"
| #define PACKAGE_URL ""
| #define PACKAGE "memcached"
| #define VERSION "1.6.12"
| #define STDC_HEADERS 1
| #define HAVE_SYS_TYPES_H 1
| #define HAVE_SYS_STAT_H 1
| #define HAVE_STDLIB_H 1
| #define HAVE_STRING_H 1
| #define HAVE_MEMORY_H 1
| #define HAVE_STRINGS_H 1
| #define HAVE_INTTYPES_H 1
| #define HAVE_STDINT_H 1
| #define HAVE_UNISTD_H 1
| #define EXTSTORE 1
| #define SIZEOF_VOID_P 8
| #define HAVE_LIBEVENT_NEW 1
| /* end confdefs.h.  */
| 
| /* Override any GCC internal prototype to avoid an error.
|    Use char because int might match the return type of a GCC
|    builtin and then its argument prototype would still apply.  */
| #ifdef __cplusplus
| extern "C"
| #endif
| char gethugepagesizes ();
| int
| main ()
| {
| return gethugepagesizes ();
|   ;
|   return 0;
| }
configure:6064: result: no
configure:6073: checking for stdbool.h that conforms to C99
configure:6140: gcc -c -g -O2 -pthread -pthread  conftest.c >&5
configure:6140: $? = 0
configure:6147: result: yes
configure:6149: checking for _Bool
configure:6149: gcc -c -g -O2 -pthread -pthread  conftest.c >&5
configure:6149: $? = 0
configure:6149: gcc -c -g -O2 -pthread -pthread  conftest.c >&5
conftest.c: In function 'main':
conftest.c:60:20: error: expected expression before ')' token
   60 | if (sizeof ((_Bool)))
      |                    ^
configure:6149: $? = 1
configure: failed program was:
| /* confdefs.h */
| #define PACKAGE_NAME "memcached"
| #define PACKAGE_TARNAME "memcached"
| #define PACKAGE_VERSION "1.6.12"
| #define PACKAGE_STRING "memcached 1.6.12"
| #define PACKAGE_BUGREPORT "memcached@googlegroups.com"
| #define PACKAGE_URL ""
| #define PACKAGE "memcached"
| #define VERSION "1.6.12"
| #define STDC_HEADERS 1
| #define HAVE_SYS_TYPES_H 1
| #define HAVE_SYS_STAT_H 1
| #define HAVE_STDLIB_H 1
| #define HAVE_STRING_H 1
| #define HAVE_MEMORY_H 1
| #define HAVE_STRINGS_H 1
| #define HAVE_INTTYPES_H 1
| #define HAVE_STDINT_H 1
| #define HAVE_UNISTD_H 1
| #define EXTSTORE 1
| #define SIZEOF_VOID_P 8
| #define HAVE_LIBEVENT_NEW 1
| /* end confdefs.h.  */
| #include <stdio.h>
| #ifdef HAVE_SYS_TYPES_H
| # include <sys/types.h>
| #endif
| #ifdef HAVE_SYS_STAT_H
| # include <sys/stat.h>
| #endif
| #ifdef STDC_HEADERS
| # include <stdlib.h>
| # include <stddef.h>
| #else
| # ifdef HAVE_STDLIB_H
| #  include <stdlib.h>
| # endif
| #endif
| #ifdef HAVE_STRING_H
| # if !defined STDC_HEADERS && defined HAVE_MEMORY_H
| #  include <memory.h>
| # endif
| # include <string.h>
| #endif
| #ifdef HAVE_STRINGS_H
| # include <strings.h>
| #endif
| #ifdef HAVE_INTTYPES_H
| # include <inttypes.h>
| #endif
| #ifdef HAVE_STDINT_H
| # include <stdint.h>
| #endif
| #ifdef HAVE_UNISTD_H
| # include <unistd.h>
| #endif
| int
| main ()
| {
| if (sizeof ((_Bool)))
| 	    return 0;
|   ;
|   return 0;
| }
configure:6149: result: yes
configure:6170: checking for inttypes.h
configure:6170: result: yes
configure:6185: checking for sasl_callback_ft
configure:6209: gcc -c -g -O2 -pthread -pthread  conftest.c >&5
conftest.c: In function 'main':
conftest.c:37:5: error: unknown type name 'sasl_callback_ft'
   37 |     sasl_callback_ft a_callback;
      |     ^~~~~~~~~~~~~~~~
configure:6209: $? = 1
configure: failed program was:
| /* confdefs.h */
| #define PACKAGE_NAME "memcached"
| #define PACKAGE_TARNAME "memcached"
| #define PACKAGE_VERSION "1.6.12"
| #define PACKAGE_STRING "memcached 1.6.12"
| #define PACKAGE_BUGREPORT "memcached@googlegroups.com"
| #define PACKAGE_URL ""
| #define PACKAGE "memcached"
| #define VERSION "1.6.12"
| #define STDC_HEADERS 1
| #define HAVE_SYS_TYPES_H 1
| #define HAVE_SYS_STAT_H 1
| #define HAVE_STDLIB_H 1
| #define HAVE_STRING_H 1
| #define HAVE_MEMORY_H 1
| #define HAVE_STRINGS_H 1
| #define HAVE_INTTYPES_H 1
| #define HAVE_STDINT_H 1
| #define HAVE_UNISTD_H 1
| #define EXTSTORE 1
| #define SIZEOF_VOID_P 8
| #define HAVE_LIBEVENT_NEW 1
| #define HAVE__BOOL 1
| #define HAVE_STDBOOL_H 1
| #define HAVE_INTTYPES_H 1
| /* end confdefs.h.  */
| 
|     #ifdef HAVE_SASL_SASL_H
|     #include <sasl/sasl.h>
|     #include <sasl/saslplug.h>
|     #endif
| 
| int
| main ()
| {
| 
|     sasl_callback_ft a_callback;
| 
|   ;
|   return 0;
| }
configure:6221: result: no
configure:6233: checking for print macros for integers (C99 section 7.8.1)
configure:6257: gcc -c -g -O2 -pthread -pthread  conftest.c >&5
configure:6257: $? = 0
configure:6265: result: yes
configure:6281: checking for an ANSI C-conforming const
configure:6347: gcc -c -g -O2 -pthread -pthread  conftest.c >&5
configure:6347: $? = 0
configure:6354: result: yes
configure:6365: checking for socklen_t
configure:6387: gcc -c -g -O2 -pthread -pthread  conftest.c >&5
configure:6387: $? = 0
configure:6399: result: yes
configure:6408: checking whether byte ordering is bigendian
configure:6423: gcc -c -g -O2 -pthread -pthread  conftest.c >&5
conftest.c:28:9: error: unknown type name 'not'
   28 |         not a universal capable compiler
      |         ^~~
conftest.c:28:15: error: expected '=', ',', ';', 'asm' or '__attribute__' before 'universal'
   28 |         not a universal capable compiler
      |               ^~~~~~~~~
conftest.c:28:15: error: unknown type name 'universal'
configure:6423: $? = 1
configure: failed program was:
| /* confdefs.h */
| #define PACKAGE_NAME "memcached"
| #define PACKAGE_TARNAME "memcached"
| #define PACKAGE_VERSION "1.6.12"
| #define PACKAGE_STRING "memcached 1.6.12"
| #define PACKAGE_BUGREPORT "memcached@googlegroups.com"
| #define PACKAGE_URL ""
| #define PACKAGE "memcached"
| #define VERSION "1.6.12"
| #define STDC_HEADERS 1
| #define HAVE_SYS_TYPES_H 1
| #define HAVE_SYS_STAT_H 1
| #define HAVE_STDLIB_H 1
| #define HAVE_STRING_H 1
| #define HAVE_MEMORY_H 1
| #define HAVE_STRINGS_H 1
| #define HAVE_INTTYPES_H 1
| #define HAVE_STDINT_H 1
| #define HAVE_UNISTD_H 1
| #define EXTSTORE 1
| #define SIZEOF_VOID_P 8
| #define HAVE_LIBEVENT_NEW 1
| #define HAVE__BOOL 1
| #define HAVE_STDBOOL_H 1
| #define HAVE_INTTYPES_H 1
| /* end confdefs.h.  */
| #ifndef __APPLE_CC__
| 	       not a universal capable compiler
| 	     #endif
| 	     typedef int dummy;
| 
configure:6468: gcc -c -g -O2 -pthread -pthread  conftest.c >&5
configure:6468: $? = 0
configure:6486: gcc -c -g -O2 -pthread -pthread  conftest.c >&5
conftest.c: In function 'main':
conftest.c:34:4: error: unknown type name 'not'; did you mean 'ino_t'?
   34 |    not big endian
      |    ^~~
      |    ino_t
conftest.c:34:12: error: expected '=', ',', ';', 'asm' or '__attribute__' before 'endian'
   34 |    not big endian
      |            ^~~~~~
configure:6486: $? = 1
configure: failed program was:
| /* confdefs.h */
| #define PACKAGE_NAME "memcached"
| #define PACKAGE_TARNAME "memcached"
| #define PACKAGE_VERSION "1.6.12"
| #define PACKAGE_STRING "memcached 1.6.12"
| #define PACKAGE_BUGREPORT "memcached@googlegroups.com"
| #define PACKAGE_URL ""
| #define PACKAGE "memcached"
| #define VERSION "1.6.12"
| #define STDC_HEADERS 1
| #define HAVE_SYS_TYPES_H 1
| #define HAVE_SYS_STAT_H 1
| #define HAVE_STDLIB_H 1
| #define HAVE_STRING_H 1
| #define HAVE_MEMORY_H 1
| #define HAVE_STRINGS_H 1
| #define HAVE_INTTYPES_H 1
| #define HAVE_STDINT_H 1
| #define HAVE_UNISTD_H 1
| #define EXTSTORE 1
| #define SIZEOF_VOID_P 8
| #define HAVE_LIBEVENT_NEW 1
| #define HAVE__BOOL 1
| #define HAVE_STDBOOL_H 1
| #define HAVE_INTTYPES_H 1
| /* end confdefs.h.  */
| #include <sys/types.h>
| 		#include <sys/param.h>
| 
| int
| main ()
| {
| #if BYTE_ORDER != BIG_ENDIAN
| 		 not big endian
| 		#endif
| 
|   ;
|   return 0;
| }
configure:6614: result: no
configure:6638: checking for htonll
configure:6660: gcc -o conftest -g -O2 -pthread -pthread   conftest.c -levent  >&5
conftest.c:32:23: warning: extra tokens at end of #include directive
   32 | #include <inttypes.h> */
      |                       ^
conftest.c: In function 'main':
conftest.c:39:18: warning: implicit declaration of function 'htonll'; did you mean 'htonl'? [-Wimplicit-function-declaration]
   39 |           return htonll(0);
      |                  ^~~~~~
      |                  htonl
/nix/store/js66s0xwjnzg0ggi2lq9bcvlk6x2za13-binutils-2.35.2/bin/ld: /run/user/4000/cc54tGmR.o: in function `main':
/home/teama/workspace/Georgiy/swiss-knife/task3/memcached-1.6.12/conftest.c:39: undefined reference to `htonll'
collect2: error: ld returned 1 exit status
configure:6660: $? = 1
configure: failed program was:
| /* confdefs.h */
| #define PACKAGE_NAME "memcached"
| #define PACKAGE_TARNAME "memcached"
| #define PACKAGE_VERSION "1.6.12"
| #define PACKAGE_STRING "memcached 1.6.12"
| #define PACKAGE_BUGREPORT "memcached@googlegroups.com"
| #define PACKAGE_URL ""
| #define PACKAGE "memcached"
| #define VERSION "1.6.12"
| #define STDC_HEADERS 1
| #define HAVE_SYS_TYPES_H 1
| #define HAVE_SYS_STAT_H 1
| #define HAVE_STDLIB_H 1
| #define HAVE_STRING_H 1
| #define HAVE_MEMORY_H 1
| #define HAVE_STRINGS_H 1
| #define HAVE_INTTYPES_H 1
| #define HAVE_STDINT_H 1
| #define HAVE_UNISTD_H 1
| #define EXTSTORE 1
| #define SIZEOF_VOID_P 8
| #define HAVE_LIBEVENT_NEW 1
| #define HAVE__BOOL 1
| #define HAVE_STDBOOL_H 1
| #define HAVE_INTTYPES_H 1
| #define ENDIAN_LITTLE 1
| /* end confdefs.h.  */
| 
| #include <sys/types.h>
| #include <netinet/in.h>
| #ifdef HAVE_INTTYPES_H
| #include <inttypes.h> */
| #endif
| 
| int
| main ()
| {
| 
|           return htonll(0);
| 
|   ;
|   return 0;
| }
configure:6675: result: no
configure:6679: checking for library containing pthread_create
configure:6710: gcc -o conftest -g -O2 -pthread -pthread   conftest.c -levent  >&5
configure:6710: $? = 0
configure:6727: result: none required
configure:6741: checking for mlockall
configure:6741: gcc -o conftest -g -O2 -pthread -pthread   conftest.c -levent  >&5
configure:6741: $? = 0
configure:6741: result: yes
configure:6752: checking for getpagesizes
configure:6752: gcc -o conftest -g -O2 -pthread -pthread   conftest.c -levent  >&5
/nix/store/js66s0xwjnzg0ggi2lq9bcvlk6x2za13-binutils-2.35.2/bin/ld: /run/user/4000/ccnH8FV4.o: in function `main':
/home/teama/workspace/Georgiy/swiss-knife/task3/memcached-1.6.12/conftest.c:63: undefined reference to `getpagesizes'
collect2: error: ld returned 1 exit status
configure:6752: $? = 1
configure: failed program was:
| /* confdefs.h */
| #define PACKAGE_NAME "memcached"
| #define PACKAGE_TARNAME "memcached"
| #define PACKAGE_VERSION "1.6.12"
| #define PACKAGE_STRING "memcached 1.6.12"
| #define PACKAGE_BUGREPORT "memcached@googlegroups.com"
| #define PACKAGE_URL ""
| #define PACKAGE "memcached"
| #define VERSION "1.6.12"
| #define STDC_HEADERS 1
| #define HAVE_SYS_TYPES_H 1
| #define HAVE_SYS_STAT_H 1
| #define HAVE_STDLIB_H 1
| #define HAVE_STRING_H 1
| #define HAVE_MEMORY_H 1
| #define HAVE_STRINGS_H 1
| #define HAVE_INTTYPES_H 1
| #define HAVE_STDINT_H 1
| #define HAVE_UNISTD_H 1
| #define EXTSTORE 1
| #define SIZEOF_VOID_P 8
| #define HAVE_LIBEVENT_NEW 1
| #define HAVE__BOOL 1
| #define HAVE_STDBOOL_H 1
| #define HAVE_INTTYPES_H 1
| #define ENDIAN_LITTLE 1
| #define HAVE_MLOCKALL 1
| /* end confdefs.h.  */
| /* Define getpagesizes to an innocuous variant, in case <limits.h> declares getpagesizes.
|    For example, HP-UX 11i <limits.h> declares gettimeofday.  */
| #define getpagesizes innocuous_getpagesizes
| 
| /* System header to define __stub macros and hopefully few prototypes,
|     which can conflict with char getpagesizes (); below.
|     Prefer <limits.h> to <assert.h> if __STDC__ is defined, since
|     <limits.h> exists even on freestanding compilers.  */
| 
| #ifdef __STDC__
| # include <limits.h>
| #else
| # include <assert.h>
| #endif
| 
| #undef getpagesizes
| 
| /* Override any GCC internal prototype to avoid an error.
|    Use char because int might match the return type of a GCC
|    builtin and then its argument prototype would still apply.  */
| #ifdef __cplusplus
| extern "C"
| #endif
| char getpagesizes ();
| /* The GNU C library defines this for functions which it implements
|     to always fail with ENOSYS.  Some functions are actually named
|     something starting with __ and the normal name is an alias.  */
| #if defined __stub_getpagesizes || defined __stub___getpagesizes
| choke me
| #endif
| 
| int
| main ()
| {
| return getpagesizes ();
|   ;
|   return 0;
| }
configure:6752: result: no
configure:6763: checking for sysconf
configure:6763: gcc -o conftest -g -O2 -pthread -pthread   conftest.c -levent  >&5
configure:6763: $? = 0
configure:6763: result: yes
configure:6774: checking for memcntl
configure:6774: gcc -o conftest -g -O2 -pthread -pthread   conftest.c -levent  >&5
/nix/store/js66s0xwjnzg0ggi2lq9bcvlk6x2za13-binutils-2.35.2/bin/ld: /run/user/4000/ccLNiYYT.o: in function `main':
/home/teama/workspace/Georgiy/swiss-knife/task3/memcached-1.6.12/conftest.c:64: undefined reference to `memcntl'
collect2: error: ld returned 1 exit status
configure:6774: $? = 1
configure: failed program was:
| /* confdefs.h */
| #define PACKAGE_NAME "memcached"
| #define PACKAGE_TARNAME "memcached"
| #define PACKAGE_VERSION "1.6.12"
| #define PACKAGE_STRING "memcached 1.6.12"
| #define PACKAGE_BUGREPORT "memcached@googlegroups.com"
| #define PACKAGE_URL ""
| #define PACKAGE "memcached"
| #define VERSION "1.6.12"
| #define STDC_HEADERS 1
| #define HAVE_SYS_TYPES_H 1
| #define HAVE_SYS_STAT_H 1
| #define HAVE_STDLIB_H 1
| #define HAVE_STRING_H 1
| #define HAVE_MEMORY_H 1
| #define HAVE_STRINGS_H 1
| #define HAVE_INTTYPES_H 1
| #define HAVE_STDINT_H 1
| #define HAVE_UNISTD_H 1
| #define EXTSTORE 1
| #define SIZEOF_VOID_P 8
| #define HAVE_LIBEVENT_NEW 1
| #define HAVE__BOOL 1
| #define HAVE_STDBOOL_H 1
| #define HAVE_INTTYPES_H 1
| #define ENDIAN_LITTLE 1
| #define HAVE_MLOCKALL 1
| #define HAVE_SYSCONF 1
| /* end confdefs.h.  */
| /* Define memcntl to an innocuous variant, in case <limits.h> declares memcntl.
|    For example, HP-UX 11i <limits.h> declares gettimeofday.  */
| #define memcntl innocuous_memcntl
| 
| /* System header to define __stub macros and hopefully few prototypes,
|     which can conflict with char memcntl (); below.
|     Prefer <limits.h> to <assert.h> if __STDC__ is defined, since
|     <limits.h> exists even on freestanding compilers.  */
| 
| #ifdef __STDC__
| # include <limits.h>
| #else
| # include <assert.h>
| #endif
| 
| #undef memcntl
| 
| /* Override any GCC internal prototype to avoid an error.
|    Use char because int might match the return type of a GCC
|    builtin and then its argument prototype would still apply.  */
| #ifdef __cplusplus
| extern "C"
| #endif
| char memcntl ();
| /* The GNU C library defines this for functions which it implements
|     to always fail with ENOSYS.  Some functions are actually named
|     something starting with __ and the normal name is an alias.  */
| #if defined __stub_memcntl || defined __stub___memcntl
| choke me
| #endif
| 
| int
| main ()
| {
| return memcntl ();
|   ;
|   return 0;
| }
configure:6774: result: no
configure:6785: checking for clock_gettime
configure:6785: gcc -o conftest -g -O2 -pthread -pthread   conftest.c -levent  >&5
configure:6785: $? = 0
configure:6785: result: yes
configure:6796: checking for preadv
configure:6796: gcc -o conftest -g -O2 -pthread -pthread   conftest.c -levent  >&5
configure:6796: $? = 0
configure:6796: result: yes
configure:6807: checking for pread
configure:6807: gcc -o conftest -g -O2 -pthread -pthread   conftest.c -levent  >&5
configure:6807: $? = 0
configure:6807: result: yes
configure:6818: checking for eventfd
configure:6818: gcc -o conftest -g -O2 -pthread -pthread   conftest.c -levent  >&5
configure:6818: $? = 0
configure:6818: result: yes
configure:6829: checking for accept4
configure:6829: gcc -o conftest -g -O2 -pthread -pthread   conftest.c -levent  >&5
configure:6829: $? = 0
configure:6829: result: yes
configure:6842: checking for getopt_long
configure:6842: gcc -o conftest -g -O2 -pthread -pthread   conftest.c -levent  >&5
configure:6842: $? = 0
configure:6842: result: yes
configure:6856: checking for alignment
configure:6903: gcc -o conftest -g -O2 -pthread -pthread   conftest.c -levent  >&5
configure:6903: $? = 0
configure:6903: ./conftest
configure:6903: $? = 0
configure:6918: result: none
configure:6935: checking for GCC atomics
configure:6953: gcc -o conftest -g -O2 -pthread -pthread   conftest.c -levent  >&5
configure:6953: $? = 0
configure:6961: result: yes
configure:6965: checking for GCC 64bit atomics
configure:6984: gcc -o conftest -g -O2 -pthread -pthread   conftest.c -levent  >&5
configure:6984: $? = 0
configure:6992: result: yes
configure:6997: checking for setppriv
configure:6997: gcc -o conftest -g -O2 -pthread -pthread   conftest.c -levent  >&5
/nix/store/js66s0xwjnzg0ggi2lq9bcvlk6x2za13-binutils-2.35.2/bin/ld: /run/user/4000/ccbiS8bH.o: in function `main':
/home/teama/workspace/Georgiy/swiss-knife/task3/memcached-1.6.12/conftest.c:74: undefined reference to `setppriv'
collect2: error: ld returned 1 exit status
configure:6997: $? = 1
configure: failed program was:
| /* confdefs.h */
| #define PACKAGE_NAME "memcached"
| #define PACKAGE_TARNAME "memcached"
| #define PACKAGE_VERSION "1.6.12"
| #define PACKAGE_STRING "memcached 1.6.12"
| #define PACKAGE_BUGREPORT "memcached@googlegroups.com"
| #define PACKAGE_URL ""
| #define PACKAGE "memcached"
| #define VERSION "1.6.12"
| #define STDC_HEADERS 1
| #define HAVE_SYS_TYPES_H 1
| #define HAVE_SYS_STAT_H 1
| #define HAVE_STDLIB_H 1
| #define HAVE_STRING_H 1
| #define HAVE_MEMORY_H 1
| #define HAVE_STRINGS_H 1
| #define HAVE_INTTYPES_H 1
| #define HAVE_STDINT_H 1
| #define HAVE_UNISTD_H 1
| #define EXTSTORE 1
| #define SIZEOF_VOID_P 8
| #define HAVE_LIBEVENT_NEW 1
| #define HAVE__BOOL 1
| #define HAVE_STDBOOL_H 1
| #define HAVE_INTTYPES_H 1
| #define ENDIAN_LITTLE 1
| #define HAVE_MLOCKALL 1
| #define HAVE_SYSCONF 1
| #define HAVE_CLOCK_GETTIME 1
| #define HAVE_PREADV 1
| #define HAVE_PREAD 1
| #define HAVE_EVENTFD 1
| #define HAVE_ACCEPT4 1
| #define HAVE_ACCEPT4 1
| #define HAVE_GETOPT_LONG 1
| #define HAVE_GETOPT_LONG 1
| #define HAVE_GCC_ATOMICS 1
| #define HAVE_GCC_64ATOMICS 1
| /* end confdefs.h.  */
| /* Define setppriv to an innocuous variant, in case <limits.h> declares setppriv.
|    For example, HP-UX 11i <limits.h> declares gettimeofday.  */
| #define setppriv innocuous_setppriv
| 
| /* System header to define __stub macros and hopefully few prototypes,
|     which can conflict with char setppriv (); below.
|     Prefer <limits.h> to <assert.h> if __STDC__ is defined, since
|     <limits.h> exists even on freestanding compilers.  */
| 
| #ifdef __STDC__
| # include <limits.h>
| #else
| # include <assert.h>
| #endif
| 
| #undef setppriv
| 
| /* Override any GCC internal prototype to avoid an error.
|    Use char because int might match the return type of a GCC
|    builtin and then its argument prototype would still apply.  */
| #ifdef __cplusplus
| extern "C"
| #endif
| char setppriv ();
| /* The GNU C library defines this for functions which it implements
|     to always fail with ENOSYS.  Some functions are actually named
|     something starting with __ and the normal name is an alias.  */
| #if defined __stub_setppriv || defined __stub___setppriv
| choke me
| #endif
| 
| int
| main ()
| {
| return setppriv ();
|   ;
|   return 0;
| }
configure:6997: result: no
configure:7075: checking for pledge
configure:7075: gcc -o conftest -g -O2 -pthread -pthread   conftest.c -levent  >&5
/nix/store/js66s0xwjnzg0ggi2lq9bcvlk6x2za13-binutils-2.35.2/bin/ld: /run/user/4000/ccyimOWY.o: in function `main':
/home/teama/workspace/Georgiy/swiss-knife/task3/memcached-1.6.12/conftest.c:74: undefined reference to `pledge'
collect2: error: ld returned 1 exit status
configure:7075: $? = 1
configure: failed program was:
| /* confdefs.h */
| #define PACKAGE_NAME "memcached"
| #define PACKAGE_TARNAME "memcached"
| #define PACKAGE_VERSION "1.6.12"
| #define PACKAGE_STRING "memcached 1.6.12"
| #define PACKAGE_BUGREPORT "memcached@googlegroups.com"
| #define PACKAGE_URL ""
| #define PACKAGE "memcached"
| #define VERSION "1.6.12"
| #define STDC_HEADERS 1
| #define HAVE_SYS_TYPES_H 1
| #define HAVE_SYS_STAT_H 1
| #define HAVE_STDLIB_H 1
| #define HAVE_STRING_H 1
| #define HAVE_MEMORY_H 1
| #define HAVE_STRINGS_H 1
| #define HAVE_INTTYPES_H 1
| #define HAVE_STDINT_H 1
| #define HAVE_UNISTD_H 1
| #define EXTSTORE 1
| #define SIZEOF_VOID_P 8
| #define HAVE_LIBEVENT_NEW 1
| #define HAVE__BOOL 1
| #define HAVE_STDBOOL_H 1
| #define HAVE_INTTYPES_H 1
| #define ENDIAN_LITTLE 1
| #define HAVE_MLOCKALL 1
| #define HAVE_SYSCONF 1
| #define HAVE_CLOCK_GETTIME 1
| #define HAVE_PREADV 1
| #define HAVE_PREAD 1
| #define HAVE_EVENTFD 1
| #define HAVE_ACCEPT4 1
| #define HAVE_ACCEPT4 1
| #define HAVE_GETOPT_LONG 1
| #define HAVE_GETOPT_LONG 1
| #define HAVE_GCC_ATOMICS 1
| #define HAVE_GCC_64ATOMICS 1
| /* end confdefs.h.  */
| /* Define pledge to an innocuous variant, in case <limits.h> declares pledge.
|    For example, HP-UX 11i <limits.h> declares gettimeofday.  */
| #define pledge innocuous_pledge
| 
| /* System header to define __stub macros and hopefully few prototypes,
|     which can conflict with char pledge (); below.
|     Prefer <limits.h> to <assert.h> if __STDC__ is defined, since
|     <limits.h> exists even on freestanding compilers.  */
| 
| #ifdef __STDC__
| # include <limits.h>
| #else
| # include <assert.h>
| #endif
| 
| #undef pledge
| 
| /* Override any GCC internal prototype to avoid an error.
|    Use char because int might match the return type of a GCC
|    builtin and then its argument prototype would still apply.  */
| #ifdef __cplusplus
| extern "C"
| #endif
| char pledge ();
| /* The GNU C library defines this for functions which it implements
|     to always fail with ENOSYS.  Some functions are actually named
|     something starting with __ and the normal name is an alias.  */
| #if defined __stub_pledge || defined __stub___pledge
| choke me
| #endif
| 
| int
| main ()
| {
| return pledge ();
|   ;
|   return 0;
| }
configure:7075: result: no
configure:7099: checking for cap_enter
configure:7099: gcc -o conftest -g -O2 -pthread -pthread   conftest.c -levent  >&5
/nix/store/js66s0xwjnzg0ggi2lq9bcvlk6x2za13-binutils-2.35.2/bin/ld: /run/user/4000/ccMAqlUC.o: in function `main':
/home/teama/workspace/Georgiy/swiss-knife/task3/memcached-1.6.12/conftest.c:74: undefined reference to `cap_enter'
collect2: error: ld returned 1 exit status
configure:7099: $? = 1
configure: failed program was:
| /* confdefs.h */
| #define PACKAGE_NAME "memcached"
| #define PACKAGE_TARNAME "memcached"
| #define PACKAGE_VERSION "1.6.12"
| #define PACKAGE_STRING "memcached 1.6.12"
| #define PACKAGE_BUGREPORT "memcached@googlegroups.com"
| #define PACKAGE_URL ""
| #define PACKAGE "memcached"
| #define VERSION "1.6.12"
| #define STDC_HEADERS 1
| #define HAVE_SYS_TYPES_H 1
| #define HAVE_SYS_STAT_H 1
| #define HAVE_STDLIB_H 1
| #define HAVE_STRING_H 1
| #define HAVE_MEMORY_H 1
| #define HAVE_STRINGS_H 1
| #define HAVE_INTTYPES_H 1
| #define HAVE_STDINT_H 1
| #define HAVE_UNISTD_H 1
| #define EXTSTORE 1
| #define SIZEOF_VOID_P 8
| #define HAVE_LIBEVENT_NEW 1
| #define HAVE__BOOL 1
| #define HAVE_STDBOOL_H 1
| #define HAVE_INTTYPES_H 1
| #define ENDIAN_LITTLE 1
| #define HAVE_MLOCKALL 1
| #define HAVE_SYSCONF 1
| #define HAVE_CLOCK_GETTIME 1
| #define HAVE_PREADV 1
| #define HAVE_PREAD 1
| #define HAVE_EVENTFD 1
| #define HAVE_ACCEPT4 1
| #define HAVE_ACCEPT4 1
| #define HAVE_GETOPT_LONG 1
| #define HAVE_GETOPT_LONG 1
| #define HAVE_GCC_ATOMICS 1
| #define HAVE_GCC_64ATOMICS 1
| /* end confdefs.h.  */
| /* Define cap_enter to an innocuous variant, in case <limits.h> declares cap_enter.
|    For example, HP-UX 11i <limits.h> declares gettimeofday.  */
| #define cap_enter innocuous_cap_enter
| 
| /* System header to define __stub macros and hopefully few prototypes,
|     which can conflict with char cap_enter (); below.
|     Prefer <limits.h> to <assert.h> if __STDC__ is defined, since
|     <limits.h> exists even on freestanding compilers.  */
| 
| #ifdef __STDC__
| # include <limits.h>
| #else
| # include <assert.h>
| #endif
| 
| #undef cap_enter
| 
| /* Override any GCC internal prototype to avoid an error.
|    Use char because int might match the return type of a GCC
|    builtin and then its argument prototype would still apply.  */
| #ifdef __cplusplus
| extern "C"
| #endif
| char cap_enter ();
| /* The GNU C library defines this for functions which it implements
|     to always fail with ENOSYS.  Some functions are actually named
|     something starting with __ and the normal name is an alias.  */
| #if defined __stub_cap_enter || defined __stub___cap_enter
| choke me
| #endif
| 
| int
| main ()
| {
| return cap_enter ();
|   ;
|   return 0;
| }
configure:7099: result: no
configure:7163: checking for xml2rfc
configure:7194: result: no
configure:7204: checking for xsltproc
configure:7235: result: no
configure:7382: checking that generated files are newer than configure
configure:7388: result: done
configure:7468: creating ./config.status

## ---------------------- ##
## Running config.status. ##
## ---------------------- ##

This file was extended by memcached config.status 1.6.12, which was
generated by GNU Autoconf 2.69.  Invocation command line was

  CONFIG_FILES    = 
  CONFIG_HEADERS  = 
  CONFIG_LINKS    = 
  CONFIG_COMMANDS = 
  $ ./config.status 

on ryan

config.status:918: creating Makefile
config.status:918: creating doc/Makefile
config.status:918: creating config.h
config.status:1147: executing depfiles commands
config.status:1224: cd .       && sed -e '/# am--include-marker/d' Makefile         | make -f - am--depfiles
config.status:1229: $? = 0

## ---------------- ##
## Cache variables. ##
## ---------------- ##

ac_cv_build=x86_64-pc-linux-gnu
ac_cv_c_alignment=none
ac_cv_c_bigendian=no
ac_cv_c_compiler_gnu=yes
ac_cv_c_const=yes
ac_cv_c_socklen_t=yes
ac_cv_c_uint64_support=yes
ac_cv_env_CC_set=set
ac_cv_env_CC_value=gcc
ac_cv_env_CFLAGS_set=
ac_cv_env_CFLAGS_value=
ac_cv_env_CPPFLAGS_set=
ac_cv_env_CPPFLAGS_value=
ac_cv_env_CPP_set=
ac_cv_env_CPP_value=
ac_cv_env_LDFLAGS_set=
ac_cv_env_LDFLAGS_value=
ac_cv_env_LIBS_set=
ac_cv_env_LIBS_value=
ac_cv_env_build_alias_set=
ac_cv_env_build_alias_value=
ac_cv_env_host_alias_set=
ac_cv_env_host_alias_value=
ac_cv_env_target_alias_set=
ac_cv_env_target_alias_value=
ac_cv_func_accept4=yes
ac_cv_func_cap_enter=no
ac_cv_func_clock_gettime=yes
ac_cv_func_eventfd=yes
ac_cv_func_getopt_long=yes
ac_cv_func_getpagesizes=no
ac_cv_func_memcntl=no
ac_cv_func_mlockall=yes
ac_cv_func_pledge=no
ac_cv_func_pread=yes
ac_cv_func_preadv=yes
ac_cv_func_setppriv=no
ac_cv_func_sysconf=yes
ac_cv_has_sasl_callback_ft=no
ac_cv_have_decl___SUNPRO_C=no
ac_cv_header_inttypes_h=yes
ac_cv_header_memory_h=yes
ac_cv_header_sasl_sasl_h=no
ac_cv_header_stdbool_h=yes
ac_cv_header_stdc=yes
ac_cv_header_stdint_h=yes
ac_cv_header_stdlib_h=yes
ac_cv_header_string_h=yes
ac_cv_header_strings_h=yes
ac_cv_header_sys_stat_h=yes
ac_cv_header_sys_types_h=yes
ac_cv_header_unistd_h=yes
ac_cv_host=x86_64-pc-linux-gnu
ac_cv_lib_gcov_main=yes
ac_cv_libevent_dir='(system)'
ac_cv_objext=o
ac_cv_path_EGREP='/nix/store/lhambyc1v2c7qzzr5sq7p449xs1j6pg8-gnugrep-3.7/bin/grep -E'
ac_cv_path_GREP=/nix/store/lhambyc1v2c7qzzr5sq7p449xs1j6pg8-gnugrep-3.7/bin/grep
ac_cv_path_PROFILER=/nix/store/h6d0c7lnxx65i925xmnxgwdfdvc7hc2p-gcc-10.3.0/bin/gcov
ac_cv_path_XML2RFC=no
ac_cv_path_XSLTPROC=no
ac_cv_path_install='/nix/store/fvprxgcxf4px865gdjd81fbwnxcjrg41-coreutils-9.0/bin/install -c'
ac_cv_path_mkdir=/nix/store/fvprxgcxf4px865gdjd81fbwnxcjrg41-coreutils-9.0/bin/mkdir
ac_cv_prog_AWK=gawk
ac_cv_prog_CPP='gcc -E'
ac_cv_prog_ac_ct_CC=gcc
ac_cv_prog_cc_c89=
ac_cv_prog_cc_c99=
ac_cv_prog_cc_g=yes
ac_cv_prog_make_make_set=yes
ac_cv_search_clock_gettime='none required'
ac_cv_search_gethostbyname='none required'
ac_cv_search_gethugepagesizes=no
ac_cv_search_pthread_create='none required'
ac_cv_search_socket='none required'
ac_cv_sizeof_void_p=8
ac_cv_type__Bool=yes
am_cv_CC_dependencies_compiler_type=gcc3
am_cv_make_support_nested_variables=yes
am_cv_prog_cc_c_o=yes

## ----------------- ##
## Output variables. ##
## ----------------- ##

ACLOCAL='${SHELL} '\''/home/teama/workspace/Georgiy/swiss-knife/task3/memcached-1.6.12/missing'\'' aclocal-1.16'
AMDEPBACKSLASH='\'
AMDEP_FALSE='#'
AMDEP_TRUE=''
AMTAR='$${TAR-tar}'
AM_BACKSLASH='\'
AM_DEFAULT_V='$(AM_DEFAULT_VERBOSITY)'
AM_DEFAULT_VERBOSITY='1'
AM_V='$(V)'
AUTOCONF='${SHELL} '\''/home/teama/workspace/Georgiy/swiss-knife/task3/memcached-1.6.12/missing'\'' autoconf'
AUTOHEADER='${SHELL} '\''/home/teama/workspace/Georgiy/swiss-knife/task3/memcached-1.6.12/missing'\'' autoheader'
AUTOMAKE='${SHELL} '\''/home/teama/workspace/Georgiy/swiss-knife/task3/memcached-1.6.12/missing'\'' automake-1.16'
AWK='gawk'
BUILD_DTRACE_FALSE=''
BUILD_DTRACE_TRUE='#'
BUILD_FREEBSD_PRIVS_FALSE=''
BUILD_FREEBSD_PRIVS_TRUE='#'
BUILD_LINUX_PRIVS_FALSE=''
BUILD_LINUX_PRIVS_TRUE='#'
BUILD_OPENBSD_PRIVS_FALSE=''
BUILD_OPENBSD_PRIVS_TRUE='#'
BUILD_SOLARIS_PRIVS_FALSE=''
BUILD_SOLARIS_PRIVS_TRUE='#'
BUILD_SPECIFICATIONS_FALSE=''
BUILD_SPECIFICATIONS_TRUE='#'
CC='gcc'
CCDEPMODE='depmode=gcc3'
CFLAGS='-g -O2 -pthread -pthread -Wall -Werror -pedantic -Wmissing-prototypes -Wmissing-declarations -Wredundant-decls'
CPP='gcc -E'
CPPFLAGS=''
CYGPATH_W='echo'
DEFS='-DHAVE_CONFIG_H'
DEPDIR='.deps'
DISABLE_UNIX_SOCKET_FALSE=''
DISABLE_UNIX_SOCKET_TRUE='#'
DTRACE=''
DTRACEFLAGS=''
DTRACE_INSTRUMENT_OBJ_FALSE=''
DTRACE_INSTRUMENT_OBJ_TRUE='#'
ECHO_C=''
ECHO_N='-n'
ECHO_T=''
EGREP='/nix/store/lhambyc1v2c7qzzr5sq7p449xs1j6pg8-gnugrep-3.7/bin/grep -E'
ENABLE_ARM_CRC32_FALSE=''
ENABLE_ARM_CRC32_TRUE='#'
ENABLE_ASAN_FALSE=''
ENABLE_ASAN_TRUE='#'
ENABLE_EXTSTORE_FALSE='#'
ENABLE_EXTSTORE_TRUE=''
ENABLE_SASL=''
ENABLE_SASL_FALSE=''
ENABLE_SASL_TRUE='#'
ENABLE_STATIC_FALSE=''
ENABLE_STATIC_TRUE='#'
ENABLE_TLS_FALSE=''
ENABLE_TLS_TRUE='#'
EXEEXT=''
GREP='/nix/store/lhambyc1v2c7qzzr5sq7p449xs1j6pg8-gnugrep-3.7/bin/grep'
INSTALL_DATA='${INSTALL} -m 644'
INSTALL_PROGRAM='${INSTALL}'
INSTALL_SCRIPT='${INSTALL}'
INSTALL_STRIP_PROGRAM='$(install_sh) -c -s'
LDFLAGS=''
LIBOBJS=''
LIBS='-levent '
LTLIBOBJS=''
MAKEINFO='${SHELL} '\''/home/teama/workspace/Georgiy/swiss-knife/task3/memcached-1.6.12/missing'\'' makeinfo'
MKDIR_P='/nix/store/fvprxgcxf4px865gdjd81fbwnxcjrg41-coreutils-9.0/bin/mkdir -p'
OBJEXT='o'
PACKAGE='memcached'
PACKAGE_BUGREPORT='memcached@googlegroups.com'
PACKAGE_NAME='memcached'
PACKAGE_STRING='memcached 1.6.12'
PACKAGE_TARNAME='memcached'
PACKAGE_URL=''
PACKAGE_VERSION='1.6.12'
PATH_SEPARATOR=':'
PROFILER='/nix/store/h6d0c7lnxx65i925xmnxgwdfdvc7hc2p-gcc-10.3.0/bin/gcov'
PROFILER_FLAGS='-fprofile-arcs -ftest-coverage'
PROFILER_LDFLAGS='-lgcov'
SET_MAKE=''
SHELL='/nix/store/l0wlqpbsvh1pgvhcdhw7qkka3d31si7k-bash-5.1-p8/bin/bash'
STRIP='strip'
VERSION='1.6.12'
XML2RFC='no'
XSLTPROC='no'
ac_ct_CC='gcc'
am__EXEEXT_FALSE=''
am__EXEEXT_TRUE='#'
am__fastdepCC_FALSE='#'
am__fastdepCC_TRUE=''
am__include='include'
am__isrc=''
am__leading_dot='.'
am__nodep='_no'
am__quote=''
am__tar='$${TAR-tar} chof - "$$tardir"'
am__untar='$${TAR-tar} xf -'
bindir='${exec_prefix}/bin'
build='x86_64-pc-linux-gnu'
build_alias=''
build_cpu='x86_64'
build_os='linux-gnu'
build_vendor='pc'
datadir='${datarootdir}'
datarootdir='${prefix}/share'
docdir='${datarootdir}/doc/${PACKAGE_TARNAME}'
dvidir='${docdir}'
exec_prefix='${prefix}'
host='x86_64-pc-linux-gnu'
host_alias=''
host_cpu='x86_64'
host_os='linux-gnu'
host_vendor='pc'
htmldir='${docdir}'
includedir='${prefix}/include'
infodir='${datarootdir}/info'
install_sh='${SHELL} /home/teama/workspace/Georgiy/swiss-knife/task3/memcached-1.6.12/install-sh'
libdir='${exec_prefix}/lib'
libexecdir='${exec_prefix}/libexec'
localedir='${datarootdir}/locale'
localstatedir='${prefix}/var'
mandir='${datarootdir}/man'
mkdir_p='$(MKDIR_P)'
oldincludedir='/usr/include'
pdfdir='${docdir}'
prefix='/usr/local'
program_transform_name='s,x,x,'
psdir='${docdir}'
runstatedir='${localstatedir}/run'
sbindir='${exec_prefix}/sbin'
sharedstatedir='${prefix}/com'
sysconfdir='${prefix}/etc'
target_alias=''

## ----------- ##
## confdefs.h. ##
## ----------- ##

/* confdefs.h */
#define PACKAGE_NAME "memcached"
#define PACKAGE_TARNAME "memcached"
#define PACKAGE_VERSION "1.6.12"
#define PACKAGE_STRING "memcached 1.6.12"
#define PACKAGE_BUGREPORT "memcached@googlegroups.com"
#define PACKAGE_URL ""
#define PACKAGE "memcached"
#define VERSION "1.6.12"
#define STDC_HEADERS 1
#define HAVE_SYS_TYPES_H 1
#define HAVE_SYS_STAT_H 1
#define HAVE_STDLIB_H 1
#define HAVE_STRING_H 1
#define HAVE_MEMORY_H 1
#define HAVE_STRINGS_H 1
#define HAVE_INTTYPES_H 1
#define HAVE_STDINT_H 1
#define HAVE_UNISTD_H 1
#define EXTSTORE 1
#define SIZEOF_VOID_P 8
#define HAVE_LIBEVENT_NEW 1
#define HAVE__BOOL 1
#define HAVE_STDBOOL_H 1
#define HAVE_INTTYPES_H 1
#define ENDIAN_LITTLE 1
#define HAVE_MLOCKALL 1
#define HAVE_SYSCONF 1
#define HAVE_CLOCK_GETTIME 1
#define HAVE_PREADV 1
#define HAVE_PREAD 1
#define HAVE_EVENTFD 1
#define HAVE_ACCEPT4 1
#define HAVE_ACCEPT4 1
#define HAVE_GETOPT_LONG 1
#define HAVE_GETOPT_LONG 1
#define HAVE_GCC_ATOMICS 1
#define HAVE_GCC_64ATOMICS 1
#define _GNU_SOURCE 1

configure: exit 0
